<?xml version="1.0" encoding="UTF-8"?>
<!-- Generated by org.testng.reporters.JUnitReportReporter -->
<testsuite skipped="0" hostname="DESKTOP-K270L54" name="org.selenium.com.SeleniumTest.EmptyClass" tests="1" failures="0" timestamp="2020-02-12T20:04:09 CST" time="0.001" errors="0">
  <testcase name="method1" time="0.001" classname="org.selenium.com.SeleniumTest.EmptyClass"/>
</testsuite> <!-- org.selenium.com.SeleniumTest.EmptyClass -->
